ZingVideoDownloader/proguard/seeds.txt
com.google.tagmanager.protobuf.WireFormat$JavaType: com.google.tagmanager.protobuf.WireFormat$JavaType[] values()
com.google.tagmanager.protobuf.WireFormat$JavaType: com.google.tagmanager.protobuf.WireFormat$JavaType valueOf(java.lang.String)
com.ironsource.mobilcore.ConfirmationResponse$TYPE: com.ironsource.mobilcore.ConfirmationResponse$TYPE[] values()
com.ironsource.mobilcore.ConfirmationResponse$TYPE: com.ironsource.mobilcore.ConfirmationResponse$TYPE valueOf(java.lang.String)
com.ironsource.mobilcore.J$a
com.ironsource.mobilcore.MCEWidgetTextProperties: com.ironsource.mobilcore.MCEWidgetTextProperties[] values()
com.ironsource.mobilcore.MCEWidgetTextProperties: com.ironsource.mobilcore.MCEWidgetTextProperties valueOf(java.lang.String)
com.ironsource.mobilcore.MobileCore$LOG_TYPE: com.ironsource.mobilcore.MobileCore$LOG_TYPE[] values()
com.ironsource.mobilcore.MobileCore$LOG_TYPE: com.ironsource.mobilcore.MobileCore$LOG_TYPE valueOf(java.lang.String)
com.ironsource.mobilcore.Q: com.ironsource.mobilcore.Q[] values()
com.ironsource.mobilcore.Q: com.ironsource.mobilcore.Q valueOf(java.lang.String)
com.ironsource.mobilcore.n$a: com.ironsource.mobilcore.n$a[] values()
com.ironsource.mobilcore.n$a: com.ironsource.mobilcore.n$a valueOf(java.lang.String)
com.nostra13.universalimageloader.core.assist.FailReason: com.nostra13.universalimageloader.core.assist.FailReason[] values()
com.nostra13.universalimageloader.core.assist.FailReason: com.nostra13.universalimageloader.core.assist.FailReason valueOf(java.lang.String)
com.nostra13.universalimageloader.core.assist.ImageScaleType: com.nostra13.universalimageloader.core.assist.ImageScaleType[] values()
com.nostra13.universalimageloader.core.assist.ImageScaleType: com.nostra13.universalimageloader.core.assist.ImageScaleType valueOf(java.lang.String)
com.nostra13.universalimageloader.core.assist.QueueProcessingType: com.nostra13.universalimageloader.core.assist.QueueProcessingType[] values()
com.nostra13.universalimageloader.core.assist.QueueProcessingType: com.nostra13.universalimageloader.core.assist.QueueProcessingType valueOf(java.lang.String)
com.nostra13.universalimageloader.core.assist.ViewScaleType: com.nostra13.universalimageloader.core.assist.ViewScaleType[] values()
com.nostra13.universalimageloader.core.assist.ViewScaleType: com.nostra13.universalimageloader.core.assist.ViewScaleType valueOf(java.lang.String)
com.startapp.android.publish.Ad
com.startapp.android.publish.Ad: android.content.Context context
com.startapp.android.publish.Ad: java.lang.Object extraData
com.startapp.android.publish.Ad: java.lang.String errorMessage
com.startapp.android.publish.Ad: com.startapp.android.publish.Ad$AdState state
com.startapp.android.publish.Ad: Ad(android.content.Context)
com.startapp.android.publish.Ad: java.lang.Object getExtraData()
com.startapp.android.publish.Ad: void setExtraData(java.lang.Object)
com.startapp.android.publish.Ad: com.startapp.android.publish.Ad$AdState getState()
com.startapp.android.publish.Ad: void setState(com.startapp.android.publish.Ad$AdState)
com.startapp.android.publish.Ad: java.lang.String getErrorMessage()
com.startapp.android.publish.Ad: void setErrorMessage(java.lang.String)
com.startapp.android.publish.Ad: boolean load()
com.startapp.android.publish.Ad: boolean load(com.startapp.android.publish.AdEventListener)
com.startapp.android.publish.Ad: boolean load(com.startapp.android.publish.model.AdPreferences)
com.startapp.android.publish.Ad: boolean load(com.startapp.android.publish.model.AdPreferences,com.startapp.android.publish.AdEventListener)
com.startapp.android.publish.Ad: boolean isReady()
com.startapp.android.publish.Ad: void fillMissingAdPreferences(com.startapp.android.publish.model.AdPreferences)