ZingVideoDownloader/proguard/usage.txt
com.google.analytics.containertag.proto.Serving$Resource$1
com.google.analytics.containertag.proto.Serving$Resource$Builder
com.google.analytics.containertag.proto.Serving$ResourceOrBuilder
com.google.analytics.containertag.proto.Serving$ResourceState
com.google.analytics.containertag.proto.Serving$ResourceState$1
com.google.analytics.containertag.proto.Serving$ResourceType
com.google.analytics.containertag.proto.Serving$ResourceType$1
com.google.analytics.containertag.proto.Serving$Rule
com.google.analytics.containertag.proto.Serving$Rule$1
com.google.analytics.containertag.proto.Serving$Rule$Builder
com.google.analytics.containertag.proto.Serving$RuleOrBuilder
com.google.analytics.containertag.proto.Serving$ServingValue
com.google.analytics.containertag.proto.Serving$ServingValue$1
com.google.analytics.containertag.proto.Serving$ServingValue$Builder
com.google.analytics.containertag.proto.Serving$ServingValueOrBuilder
com.google.analytics.midtier.proto.containertag.MutableTypeSystem
com.google.analytics.midtier.proto.containertag.MutableTypeSystem$Value
com.google.analytics.midtier.proto.containertag.MutableTypeSystem$Value$Escaping
com.google.analytics.midtier.proto.containertag.MutableTypeSystem$Value$Escaping$1
com.google.analytics.midtier.proto.containertag.MutableTypeSystem$Value$Type
com.google.analytics.midtier.proto.containertag.MutableTypeSystem$Value$Type$1
com.google.analytics.midtier.proto.containertag.TypeSystem
com.google.analytics.midtier.proto.containertag.TypeSystem$1
com.google.analytics.midtier.proto.containertag.TypeSystem$Value
com.google.analytics.midtier.proto.containertag.TypeSystem$Value$1
com.google.analytics.midtier.proto.containertag.TypeSystem$Value$Builder
com.google.analytics.midtier.proto.containertag.TypeSystem$Value$Escaping
com.google.analytics.midtier.proto.containertag.TypeSystem$Value$Escaping$1
com.google.analytics.midtier.proto.containertag.TypeSystem$Value$Type
com.google.analytics.midtier.proto.containertag.TypeSystem$Value$Type$1
com.google.analytics.midtier.proto.containertag.TypeSystem$ValueOrBuilder
com.google.analytics.tracking.android.AnalyticsConstants
com.google.analytics.tracking.android.AnalyticsGmsCoreClient:
    public static final int BIND_FAILED
    public static final int REMOTE_EXECUTION_FAILED
    private static final java.lang.String SERVICE_DESCRIPTOR
    static final java.lang.String SERVICE_ACTION
    private static final int BIND_ADJUST_WITH_ACTIVITY
    public static final java.lang.String KEY_APP_PACKAGE_NAME
com.google.analytics.tracking.android.AnalyticsStore:
    public abstract void setDispatch(boolean)
    public abstract void close()
com.google.analytics.tracking.android.AnalyticsThread:
    public abstract void clearHits()
com.google.analytics.tracking.android.AppFieldsDefaultProvider:
    36:39:static void dropInstance()
    72:72:public boolean providesField(java.lang.String)
com.google.analytics.tracking.android.CampaignTrackingReceiver
com.google.analytics.tracking.android.CampaignTrackingService
com.google.analytics.tracking.android.ClientIdDefaultProvider:
    40:43:static void dropInstance()
    58:58:public boolean providesField(java.lang.String)
com.google.analytics.tracking.android.DefaultLoggerImpl:
    static final java.lang.String LOG_TAG
    53:56:public void error(java.lang.Exception)
com.google.analytics.tracking.android.DefaultProvider:
    public abstract boolean providesField(java.lang.String)
com.google.analytics.tracking.android.Dispatcher:
    public abstract void close()